[0.024s] Invoking command in '/home/artiom/repos/ros_workspaces/ros_py_learning/build/udemy_ros2_pkg': CMAKE_PREFIX_PATH=/opt/ros/humble /usr/bin/cmake --build /home/artiom/repos/ros_workspaces/ros_py_learning/build/udemy_ros2_pkg -- -j12 -l12
[0.037s] -- Found ament_cmake: 1.3.6 (/opt/ros/humble/share/ament_cmake/cmake)
[0.118s] -- Configuring incomplete, errors occurred!
[0.118s] See also "/home/artiom/repos/ros_workspaces/ros_py_learning/build/udemy_ros2_pkg/CMakeFiles/CMakeOutput.log".
[0.119s] [31mCMake Error at CMakeLists.txt:11 (find_package):
[0.119s]   By not providing "Findrcply.cmake" in CMAKE_MODULE_PATH this project has
[0.119s]   asked CMake to find a package configuration file provided by "rcply", but
[0.119s]   CMake did not find one.
[0.119s] 
[0.119s]   Could not find a package configuration file provided by "rcply" with any of
[0.119s]   the following names:
[0.119s] 
[0.119s]     rcplyConfig.cmake
[0.119s]     rcply-config.cmake
[0.119s] 
[0.119s]   Add the installation prefix of "rcply" to CMAKE_PREFIX_PATH or set
[0.119s]   "rcply_DIR" to a directory containing one of the above files.  If "rcply"
[0.119s]   provides a separate development package or SDK, be sure it has been
[0.119s]   installed.
[0.120s] 
[0.120s] [0m
[0.120s] gmake: *** [Makefile:226: cmake_check_build_system] Error 1
[0.122s] Invoked command in '/home/artiom/repos/ros_workspaces/ros_py_learning/build/udemy_ros2_pkg' returned '2': CMAKE_PREFIX_PATH=/opt/ros/humble /usr/bin/cmake --build /home/artiom/repos/ros_workspaces/ros_py_learning/build/udemy_ros2_pkg -- -j12 -l12
