[0.028s] Invoking command in '/home/artiom/repos/ros_workspaces/ros_py_learning/build/udemy_ros2_pkg': CMAKE_PREFIX_PATH=/opt/ros/humble /usr/bin/cmake --build /home/artiom/repos/ros_workspaces/ros_py_learning/build/udemy_ros2_pkg -- -j12 -l12
[0.043s] -- Found ament_cmake: 1.3.6 (/opt/ros/humble/share/ament_cmake/cmake)
[0.137s] -- Found rclpy: 3.3.11 (/opt/ros/humble/share/rclpy/cmake)
[0.183s] -- Found ament_lint_auto: 0.12.9 (/opt/ros/humble/share/ament_lint_auto/cmake)
[0.222s] -- Added test 'flake8' to check Python code syntax and style conventions
[0.222s] -- Added test 'lint_cmake' to check CMake code style
[0.222s] -- Added test 'pep257' to check Python code against some of the docstring style conventions in PEP 257
[0.223s] -- Added test 'xmllint' to check XML markup files
[0.224s] -- Configuring done
[0.226s] -- Generating done
[0.226s] -- Build files have been written to: /home/artiom/repos/ros_workspaces/ros_py_learning/build/udemy_ros2_pkg
[0.250s] Built target ament_cmake_python_copy_scripts
[0.378s] running egg_info
[0.378s] creating scripts.egg-info
[0.378s] writing scripts.egg-info/PKG-INFO
[0.378s] writing dependency_links to scripts.egg-info/dependency_links.txt
[0.378s] writing top-level names to scripts.egg-info/top_level.txt
[0.380s] writing manifest file 'scripts.egg-info/SOURCES.txt'
[0.381s] reading manifest file 'scripts.egg-info/SOURCES.txt'
[0.381s] writing manifest file 'scripts.egg-info/SOURCES.txt'
[0.396s] Built target ament_cmake_python_build_scripts_egg
[0.403s] Invoked command in '/home/artiom/repos/ros_workspaces/ros_py_learning/build/udemy_ros2_pkg' returned '0': CMAKE_PREFIX_PATH=/opt/ros/humble /usr/bin/cmake --build /home/artiom/repos/ros_workspaces/ros_py_learning/build/udemy_ros2_pkg -- -j12 -l12
[0.422s] Invoking command in '/home/artiom/repos/ros_workspaces/ros_py_learning/build/udemy_ros2_pkg': CMAKE_PREFIX_PATH=/opt/ros/humble /usr/bin/cmake --install /home/artiom/repos/ros_workspaces/ros_py_learning/build/udemy_ros2_pkg
[0.426s] -- Install configuration: ""
[0.426s] -- Installing: /home/artiom/repos/ros_workspaces/ros_py_learning/install/udemy_ros2_pkg/share/udemy_ros2_pkg/environment/pythonpath.sh
[0.426s] -- Installing: /home/artiom/repos/ros_workspaces/ros_py_learning/install/udemy_ros2_pkg/share/udemy_ros2_pkg/environment/pythonpath.dsv
[0.427s] -- Installing: /home/artiom/repos/ros_workspaces/ros_py_learning/install/udemy_ros2_pkg/local/lib/python3.10/dist-packages/scripts-0.0.0-py3.10.egg-info
[0.427s] -- Installing: /home/artiom/repos/ros_workspaces/ros_py_learning/install/udemy_ros2_pkg/local/lib/python3.10/dist-packages/scripts-0.0.0-py3.10.egg-info/top_level.txt
[0.427s] -- Installing: /home/artiom/repos/ros_workspaces/ros_py_learning/install/udemy_ros2_pkg/local/lib/python3.10/dist-packages/scripts-0.0.0-py3.10.egg-info/SOURCES.txt
[0.427s] -- Installing: /home/artiom/repos/ros_workspaces/ros_py_learning/install/udemy_ros2_pkg/local/lib/python3.10/dist-packages/scripts-0.0.0-py3.10.egg-info/dependency_links.txt
[0.427s] -- Installing: /home/artiom/repos/ros_workspaces/ros_py_learning/install/udemy_ros2_pkg/local/lib/python3.10/dist-packages/scripts-0.0.0-py3.10.egg-info/PKG-INFO
[0.427s] -- Installing: /home/artiom/repos/ros_workspaces/ros_py_learning/install/udemy_ros2_pkg/local/lib/python3.10/dist-packages/scripts
[0.427s] -- Installing: /home/artiom/repos/ros_workspaces/ros_py_learning/install/udemy_ros2_pkg/local/lib/python3.10/dist-packages/scripts/__init__.py
[0.427s] -- Installing: /home/artiom/repos/ros_workspaces/ros_py_learning/install/udemy_ros2_pkg/local/lib/python3.10/dist-packages/scripts/publisher.py
[0.427s] -- Installing: /home/artiom/repos/ros_workspaces/ros_py_learning/install/udemy_ros2_pkg/local/lib/python3.10/dist-packages/scripts/subscriber.py
[0.448s] Listing '/home/artiom/repos/ros_workspaces/ros_py_learning/install/udemy_ros2_pkg/local/lib/python3.10/dist-packages/scripts'...
[0.448s] Compiling '/home/artiom/repos/ros_workspaces/ros_py_learning/install/udemy_ros2_pkg/local/lib/python3.10/dist-packages/scripts/__init__.py'...
[0.448s] Compiling '/home/artiom/repos/ros_workspaces/ros_py_learning/install/udemy_ros2_pkg/local/lib/python3.10/dist-packages/scripts/publisher.py'...
[0.448s] Compiling '/home/artiom/repos/ros_workspaces/ros_py_learning/install/udemy_ros2_pkg/local/lib/python3.10/dist-packages/scripts/subscriber.py'...
[0.450s] -- Installing: /home/artiom/repos/ros_workspaces/ros_py_learning/install/udemy_ros2_pkg/lib/udemy_ros2_pkg/publisher.py
[0.450s] -- Installing: /home/artiom/repos/ros_workspaces/ros_py_learning/install/udemy_ros2_pkg/lib/udemy_ros2_pkg/subscriber.py
[0.450s] -- Installing: /home/artiom/repos/ros_workspaces/ros_py_learning/install/udemy_ros2_pkg/share/ament_index/resource_index/package_run_dependencies/udemy_ros2_pkg
[0.450s] -- Up-to-date: /home/artiom/repos/ros_workspaces/ros_py_learning/install/udemy_ros2_pkg/share/ament_index/resource_index/parent_prefix_path/udemy_ros2_pkg
[0.450s] -- Up-to-date: /home/artiom/repos/ros_workspaces/ros_py_learning/install/udemy_ros2_pkg/share/udemy_ros2_pkg/environment/ament_prefix_path.sh
[0.451s] -- Installing: /home/artiom/repos/ros_workspaces/ros_py_learning/install/udemy_ros2_pkg/share/udemy_ros2_pkg/environment/ament_prefix_path.dsv
[0.451s] -- Up-to-date: /home/artiom/repos/ros_workspaces/ros_py_learning/install/udemy_ros2_pkg/share/udemy_ros2_pkg/environment/path.sh
[0.451s] -- Installing: /home/artiom/repos/ros_workspaces/ros_py_learning/install/udemy_ros2_pkg/share/udemy_ros2_pkg/environment/path.dsv
[0.451s] -- Up-to-date: /home/artiom/repos/ros_workspaces/ros_py_learning/install/udemy_ros2_pkg/share/udemy_ros2_pkg/local_setup.bash
[0.451s] -- Installing: /home/artiom/repos/ros_workspaces/ros_py_learning/install/udemy_ros2_pkg/share/udemy_ros2_pkg/local_setup.sh
[0.451s] -- Up-to-date: /home/artiom/repos/ros_workspaces/ros_py_learning/install/udemy_ros2_pkg/share/udemy_ros2_pkg/local_setup.zsh
[0.451s] -- Installing: /home/artiom/repos/ros_workspaces/ros_py_learning/install/udemy_ros2_pkg/share/udemy_ros2_pkg/local_setup.dsv
[0.451s] -- Installing: /home/artiom/repos/ros_workspaces/ros_py_learning/install/udemy_ros2_pkg/share/udemy_ros2_pkg/package.dsv
[0.451s] -- Up-to-date: /home/artiom/repos/ros_workspaces/ros_py_learning/install/udemy_ros2_pkg/share/ament_index/resource_index/packages/udemy_ros2_pkg
[0.451s] -- Up-to-date: /home/artiom/repos/ros_workspaces/ros_py_learning/install/udemy_ros2_pkg/share/udemy_ros2_pkg/cmake/udemy_ros2_pkgConfig.cmake
[0.451s] -- Up-to-date: /home/artiom/repos/ros_workspaces/ros_py_learning/install/udemy_ros2_pkg/share/udemy_ros2_pkg/cmake/udemy_ros2_pkgConfig-version.cmake
[0.451s] -- Installing: /home/artiom/repos/ros_workspaces/ros_py_learning/install/udemy_ros2_pkg/share/udemy_ros2_pkg/package.xml
[0.452s] Invoked command in '/home/artiom/repos/ros_workspaces/ros_py_learning/build/udemy_ros2_pkg' returned '0': CMAKE_PREFIX_PATH=/opt/ros/humble /usr/bin/cmake --install /home/artiom/repos/ros_workspaces/ros_py_learning/build/udemy_ros2_pkg
