[0.032s] Invoking command in '/home/artiom/repos/ros_workspaces/ros_py_learning/build/udemy_ros2_pkg': CMAKE_PREFIX_PATH=/opt/ros/humble /usr/bin/cmake /home/artiom/repos/ros_workspaces/ros_py_learning/src/udemy_ros2_pkg -DCMAKE_INSTALL_PREFIX=/home/artiom/repos/ros_workspaces/ros_py_learning/install/udemy_ros2_pkg
[0.105s] -- The C compiler identification is GNU 11.4.0
[0.162s] -- The CXX compiler identification is GNU 11.4.0
[0.170s] -- Detecting C compiler ABI info
[0.217s] -- Detecting C compiler ABI info - done
[0.222s] -- Check for working C compiler: /usr/bin/cc - skipped
[0.224s] -- Detecting C compile features
[0.224s] -- Detecting C compile features - done
[0.226s] -- Detecting CXX compiler ABI info
[0.277s] -- Detecting CXX compiler ABI info - done
[0.282s] -- Check for working CXX compiler: /usr/bin/c++ - skipped
[0.282s] -- Detecting CXX compile features
[0.282s] -- Detecting CXX compile features - done
[0.283s] -- Found ament_cmake: 1.3.6 (/opt/ros/humble/share/ament_cmake/cmake)
[0.395s] -- Found Python3: /usr/bin/python3.10 (found version "3.10.12") found components: Interpreter 
[0.475s] -- Found ament_lint_auto: 0.12.9 (/opt/ros/humble/share/ament_lint_auto/cmake)
[0.528s] -- Added test 'lint_cmake' to check CMake code style
[0.529s] -- Added test 'xmllint' to check XML markup files
[0.529s] -- Configuring done
[0.531s] -- Generating done
[0.531s] -- Build files have been written to: /home/artiom/repos/ros_workspaces/ros_py_learning/build/udemy_ros2_pkg
[0.534s] Invoked command in '/home/artiom/repos/ros_workspaces/ros_py_learning/build/udemy_ros2_pkg' returned '0': CMAKE_PREFIX_PATH=/opt/ros/humble /usr/bin/cmake /home/artiom/repos/ros_workspaces/ros_py_learning/src/udemy_ros2_pkg -DCMAKE_INSTALL_PREFIX=/home/artiom/repos/ros_workspaces/ros_py_learning/install/udemy_ros2_pkg
[0.536s] Invoking command in '/home/artiom/repos/ros_workspaces/ros_py_learning/build/udemy_ros2_pkg': CMAKE_PREFIX_PATH=/opt/ros/humble /usr/bin/cmake --build /home/artiom/repos/ros_workspaces/ros_py_learning/build/udemy_ros2_pkg -- -j12 -l12
[0.559s] Invoked command in '/home/artiom/repos/ros_workspaces/ros_py_learning/build/udemy_ros2_pkg' returned '0': CMAKE_PREFIX_PATH=/opt/ros/humble /usr/bin/cmake --build /home/artiom/repos/ros_workspaces/ros_py_learning/build/udemy_ros2_pkg -- -j12 -l12
[0.577s] Invoking command in '/home/artiom/repos/ros_workspaces/ros_py_learning/build/udemy_ros2_pkg': CMAKE_PREFIX_PATH=/opt/ros/humble /usr/bin/cmake --install /home/artiom/repos/ros_workspaces/ros_py_learning/build/udemy_ros2_pkg
[0.582s] -- Install configuration: ""
[0.582s] -- Installing: /home/artiom/repos/ros_workspaces/ros_py_learning/install/udemy_ros2_pkg/share/ament_index/resource_index/package_run_dependencies/udemy_ros2_pkg
[0.582s] -- Installing: /home/artiom/repos/ros_workspaces/ros_py_learning/install/udemy_ros2_pkg/share/ament_index/resource_index/parent_prefix_path/udemy_ros2_pkg
[0.582s] -- Installing: /home/artiom/repos/ros_workspaces/ros_py_learning/install/udemy_ros2_pkg/share/udemy_ros2_pkg/environment/ament_prefix_path.sh
[0.582s] -- Installing: /home/artiom/repos/ros_workspaces/ros_py_learning/install/udemy_ros2_pkg/share/udemy_ros2_pkg/environment/ament_prefix_path.dsv
[0.582s] -- Installing: /home/artiom/repos/ros_workspaces/ros_py_learning/install/udemy_ros2_pkg/share/udemy_ros2_pkg/environment/path.sh
[0.582s] -- Installing: /home/artiom/repos/ros_workspaces/ros_py_learning/install/udemy_ros2_pkg/share/udemy_ros2_pkg/environment/path.dsv
[0.583s] -- Installing: /home/artiom/repos/ros_workspaces/ros_py_learning/install/udemy_ros2_pkg/share/udemy_ros2_pkg/local_setup.bash
[0.583s] -- Installing: /home/artiom/repos/ros_workspaces/ros_py_learning/install/udemy_ros2_pkg/share/udemy_ros2_pkg/local_setup.sh
[0.583s] -- Installing: /home/artiom/repos/ros_workspaces/ros_py_learning/install/udemy_ros2_pkg/share/udemy_ros2_pkg/local_setup.zsh
[0.583s] -- Installing: /home/artiom/repos/ros_workspaces/ros_py_learning/install/udemy_ros2_pkg/share/udemy_ros2_pkg/local_setup.dsv
[0.583s] -- Installing: /home/artiom/repos/ros_workspaces/ros_py_learning/install/udemy_ros2_pkg/share/udemy_ros2_pkg/package.dsv
[0.583s] -- Installing: /home/artiom/repos/ros_workspaces/ros_py_learning/install/udemy_ros2_pkg/share/ament_index/resource_index/packages/udemy_ros2_pkg
[0.583s] -- Installing: /home/artiom/repos/ros_workspaces/ros_py_learning/install/udemy_ros2_pkg/share/udemy_ros2_pkg/cmake/udemy_ros2_pkgConfig.cmake
[0.583s] -- Installing: /home/artiom/repos/ros_workspaces/ros_py_learning/install/udemy_ros2_pkg/share/udemy_ros2_pkg/cmake/udemy_ros2_pkgConfig-version.cmake
[0.583s] -- Installing: /home/artiom/repos/ros_workspaces/ros_py_learning/install/udemy_ros2_pkg/share/udemy_ros2_pkg/package.xml
[0.584s] Invoked command in '/home/artiom/repos/ros_workspaces/ros_py_learning/build/udemy_ros2_pkg' returned '0': CMAKE_PREFIX_PATH=/opt/ros/humble /usr/bin/cmake --install /home/artiom/repos/ros_workspaces/ros_py_learning/build/udemy_ros2_pkg
